<?xml version="1.0" encoding="UTF-8"?>
<testng-results ignored="0" total="4" passed="4" failed="0" skipped="0">
  <reporter-output>
  </reporter-output>
  <suite started-at="2018-08-10T19:17:51Z" name="TestNG" finished-at="2018-08-10T19:18:13Z" duration-ms="21933">
    <groups>
    </groups>
    <test started-at="2018-08-10T19:17:51Z" name="Test De[emdemcu]" finished-at="2018-08-10T19:18:13Z" duration-ms="21933">
      <class name="testNG.TestDependencyUsingFacebook">
        <test-method signature="openBrowser()[pri:0, instance:testNG.TestDependencyUsingFacebook@4dbb42b7]" started-at="2018-08-10T19:18:00Z" name="openBrowser" finished-at="2018-08-10T19:18:07Z" duration-ms="6731" status="PASS">
          <reporter-output>
          </reporter-output>
        </test-method> <!-- openBrowser -->
        <test-method signature="loginToFacebook()[pri:0, instance:testNG.TestDependencyUsingFacebook@4dbb42b7]" started-at="2018-08-10T19:18:07Z" name="loginToFacebook" finished-at="2018-08-10T19:18:11Z" depends-on-methods="testNG.TestDependencyUsingFacebook.openBrowser" duration-ms="4030" status="PASS">
          <reporter-output>
          </reporter-output>
        </test-method> <!-- loginToFacebook -->
        <test-method is-config="true" signature="closeBrowser()[pri:0, instance:testNG.TestDependencyUsingFacebook@4dbb42b7]" started-at="2018-08-10T19:18:11Z" name="closeBrowser" finished-at="2018-08-10T19:18:12Z" duration-ms="793" status="PASS">
          <reporter-output>
          </reporter-output>
        </test-method> <!-- closeBrowser -->
        <test-method is-config="true" signature="closeBrowser()[pri:0, instance:testNG.TestNGAssertions@2c1b194a]" started-at="2018-08-10T19:18:12Z" name="closeBrowser" finished-at="2018-08-10T19:18:13Z" duration-ms="847" status="PASS">
          <reporter-output>
          </reporter-output>
        </test-method> <!-- closeBrowser -->
      </class> <!-- testNG.TestDependencyUsingFacebook -->
      <class name="testNG.TestNGAssertions">
        <test-method is-config="true" signature="invokeBrowser()[pri:0, instance:testNG.TestNGAssertions@2c1b194a]" started-at="2018-08-10T19:17:51Z" name="invokeBrowser" finished-at="2018-08-10T19:18:00Z" duration-ms="9349" status="PASS">
          <reporter-output>
          </reporter-output>
        </test-method> <!-- invokeBrowser -->
        <test-method signature="getTitle()[pri:0, instance:testNG.TestNGAssertions@2c1b194a]" started-at="2018-08-10T19:18:00Z" name="getTitle" finished-at="2018-08-10T19:18:01Z" duration-ms="1059" status="PASS">
          <reporter-output>
          </reporter-output>
        </test-method> <!-- getTitle -->
        <test-method signature="testEquality()[pri:0, instance:testNG.TestNGAssertions@2c1b194a]" started-at="2018-08-10T19:18:01Z" name="testEquality" finished-at="2018-08-10T19:18:01Z" duration-ms="1" status="PASS">
          <reporter-output>
          </reporter-output>
        </test-method> <!-- testEquality -->
      </class> <!-- testNG.TestNGAssertions -->
    </test> <!-- Test De[emdemcu] -->
  </suite> <!-- TestNG -->
</testng-results>
