<?xml version="1.0" encoding="UTF-8"?>
<!-- Generated by org.testng.reporters.JUnitXMLReporter -->
<testsuite ignored="5" hostname="HARSHITA" failures="0" tests="5" name="Test Annotations" time="0.041" errors="0" timestamp="04 Aug 2018 21:46:15 GMT">
  <testcase classname="testNG.TestGroupingNew" name="f2" time="0.007"/>
  <testcase classname="testNG.TestGrouping" name="m1" time="0.001"/>
  <testcase classname="testNG.TestGrouping" name="m2" time="0.001"/>
  <testcase classname="testNG.TestGrouping" name="m3" time="0.001"/>
  <testcase classname="testNG.TestGrouping" name="m4" time="0.001"/>
  <testcase classname="testNG.TestGroupingNew" name="f1" time="0.0">
    <ignored/>
  </testcase> <!-- f1 -->
  <testcase classname="testNG.TestGroupingNew" name="f4" time="0.0">
    <ignored/>
  </testcase> <!-- f4 -->
  <testcase classname="testNG.TestGroupingNew" name="f3" time="0.0">
    <ignored/>
  </testcase> <!-- f3 -->
  <testcase classname="testNG.TestGroupingNew" name="f6" time="0.0">
    <ignored/>
  </testcase> <!-- f6 -->
  <testcase classname="testNG.TestGroupingNew" name="f5" time="0.0">
    <ignored/>
  </testcase> <!-- f5 -->
</testsuite> <!-- Test Annotations -->
