<?xml version="1.0" encoding="UTF-8"?>
<!-- Generated by org.testng.reporters.JUnitXMLReporter -->
<testsuite ignored="0" hostname="HARSHITA" failures="0" tests="4" name="Test De[emdemcu]" time="21.933" errors="0" timestamp="10 Aug 2018 19:18:13 GMT">
  <testcase classname="testNG.TestNGAssertions" name="getTitle" time="1.059"/>
  <testcase classname="testNG.TestNGAssertions" name="testEquality" time="0.001"/>
  <testcase classname="testNG.TestDependencyUsingFacebook" name="openBrowser" time="6.731"/>
  <testcase classname="testNG.TestDependencyUsingFacebook" name="loginToFacebook" time="4.03"/>
</testsuite> <!-- Test De[emdemcu] -->
